# JRE version: OpenJDK Runtime Environment Temurin-21.0.12.1+1 (21.0.12.1+1) (build 21.0.12.1+1-LTS)
# Java VM: OpenJDK 64-Bit Server VM Temurin-21.0.12.1+1 (21.0.12.1+1-LTS, mixed mode, sharing, tiered, compressed oops, compressed class ptrs, g1 gc, windows-amd64)
GC Precious Log:
 CardTable entry size: 512
 Card Set container configuration: InlinePtr #cards 5 size 8 Array Of Cards #cards 12 size 40 Howl #buckets 4 coarsen threshold 1843 Howl Bitmap #cards 512 size 80 coarsen threshold 460 Card regions per heap region 1 cards per card region 2048
 CPUs: 4 total, 4 available
 Memory: 3891M
 Large Page Support: Disabled
 NUMA Support: Disabled
 Compressed Oops: Enabled (32-bit)
 Heap Region Size: 1M
 Heap Min Capacity: 8M
 Heap Initial Capacity: 62M
 Heap Max Capacity: 2G
 Pre-touch: Disabled
 Parallel Workers: 4
 Concurrent Workers: 1
 Concurrent Refinement Workers: 4
 Periodic GC: Disabled
Heap:
 garbage-first heap   total 132096K, used 110345K [0x0000000080000000, 0x0000000100000000)
  region size 1024K, 34 young (34816K), 5 survivors (5120K)
 Metaspace       used 75867K, committed 78016K, reserved 557056K
  class space    used 10595K, committed 11648K, reserved 425984K
GC Heap History (20 events):
Event: 57.523 GC heap before
{Heap before GC invocations=32 (full 0):
 garbage-first heap   total 89088K, used 74633K [0x0000000080000000, 0x0000000100000000)
  region size 1024K, 25 young (25600K), 2 survivors (2048K)
 Metaspace       used 58395K, committed 60160K, reserved 491520K
  class space    used 8281K, committed 9152K, reserved 425984K
}
Event: 57.527 GC heap after
{Heap after GC invocations=33 (full 0):
 garbage-first heap   total 89088K, used 52749K [0x0000000080000000, 0x0000000100000000)
  region size 1024K, 3 young (3072K), 3 survivors (3072K)
 Metaspace       used 58395K, committed 60160K, reserved 491520K
  class space    used 8281K, committed 9152K, reserved 425984K
}
Event: 58.551 GC heap before
{Heap before GC invocations=33 (full 0):
 garbage-first heap   total 89088K, used 86541K [0x0000000080000000, 0x0000000100000000)
  region size 1024K, 32 young (32768K), 3 survivors (3072K)
 Metaspace       used 58948K, committed 60736K, reserved 491520K
  class space    used 8375K, committed 9280K, reserved 425984K
}
Event: 58.561 GC heap after
{Heap after GC invocations=34 (full 0):
 garbage-first heap   total 98304K, used 62061K [0x0000000080000000, 0x0000000100000000)
  region size 1024K, 4 young (4096K), 4 survivors (4096K)
 Metaspace       used 58948K, committed 60736K, reserved 491520K
  class space    used 8375K, committed 9280K, reserved 425984K
}
Event: 58.858 GC heap before
{Heap before GC invocations=34 (full 0):
 garbage-first heap   total 98304K, used 69229K [0x0000000080000000, 0x0000000100000000)
  region size 1024K, 12 young (12288K), 4 survivors (4096K)
 Metaspace       used 59250K, committed 61120K, reserved 491520K
  class space    used 8423K, committed 9344K, reserved 425984K
}
Event: 58.865 GC heap after
{Heap after GC invocations=35 (full 0):
 garbage-first heap   total 98304K, used 63488K [0x0000000080000000, 0x0000000100000000)
  region size 1024K, 1 young (1024K), 1 survivors (1024K)
 Metaspace       used 59250K, committed 61120K, reserved 491520K
  class space    used 8423K, committed 9344K, reserved 425984K
}
Event: 59.711 GC heap before
{Heap before GC invocations=36 (full 0):
 garbage-first heap   total 107520K, used 89088K [0x0000000080000000, 0x0000000100000000)
  region size 1024K, 25 young (25600K), 1 survivors (1024K)
 Metaspace       used 61221K, committed 63040K, reserved 491520K
  class space    used 8656K, committed 9536K, reserved 425984K
}
Event: 59.715 GC heap after
{Heap after GC invocations=37 (full 0):
 garbage-first heap   total 107520K, used 67206K [0x0000000080000000, 0x0000000100000000)
  region size 1024K, 3 young (3072K), 3 survivors (3072K)
 Metaspace       used 61221K, committed 63040K, reserved 491520K
  class space    used 8656K, committed 9536K, reserved 425984K
}
Event: 60.714 GC heap before
{Heap before GC invocations=37 (full 0):
 garbage-first heap   total 107520K, used 94854K [0x0000000080000000, 0x0000000100000000)
  region size 1024K, 31 young (31744K), 3 survivors (3072K)
 Metaspace       used 64381K, committed 66240K, reserved 491520K
  class space    used 9021K, committed 9920K, reserved 425984K
}
Event: 60.721 GC heap after
{Heap after GC invocations=38 (full 0):
 garbage-first heap   total 107520K, used 67560K [0x0000000080000000, 0x0000000100000000)
  region size 1024K, 3 young (3072K), 3 survivors (3072K)
 Metaspace       used 64381K, committed 66240K, reserved 491520K
  class space    used 9021K, committed 9920K, reserved 425984K
}
Event: 62.467 GC heap before
{Heap before GC invocations=38 (full 0):
 garbage-first heap   total 107520K, used 97256K [0x0000000080000000, 0x0000000100000000)
  region size 1024K, 32 young (32768K), 3 survivors (3072K)
 Metaspace       used 67722K, committed 69760K, reserved 491520K
  class space    used 9498K, committed 10496K, reserved 425984K
}
Event: 62.474 GC heap after
{Heap after GC invocations=39 (full 0):
 garbage-first heap   total 107520K, used 70292K [0x0000000080000000, 0x0000000100000000)
  region size 1024K, 4 young (4096K), 4 survivors (4096K)
 Metaspace       used 67722K, committed 69760K, reserved 491520K
  class space    used 9498K, committed 10496K, reserved 425984K
}
Event: 63.453 GC heap before
{Heap before GC invocations=40 (full 0):
 garbage-first heap   total 119808K, used 103060K [0x0000000080000000, 0x0000000100000000)
  region size 1024K, 31 young (31744K), 4 survivors (4096K)
 Metaspace       used 69364K, committed 71360K, reserved 491520K
  class space    used 9713K, committed 10688K, reserved 425984K
}
Event: 63.461 GC heap after
{Heap after GC invocations=41 (full 0):
 garbage-first heap   total 119808K, used 74556K [0x0000000080000000, 0x0000000100000000)
  region size 1024K, 4 young (4096K), 4 survivors (4096K)
 Metaspace       used 69364K, committed 71360K, reserved 491520K
  class space    used 9713K, committed 10688K, reserved 425984K
}
Event: 65.303 GC heap before
{Heap before GC invocations=41 (full 0):
 garbage-first heap   total 119808K, used 106300K [0x0000000080000000, 0x0000000100000000)
  region size 1024K, 36 young (36864K), 4 survivors (4096K)
 Metaspace       used 71897K, committed 73920K, reserved 491520K
  class space    used 10040K, committed 11072K, reserved 425984K
}
Event: 65.314 GC heap after
{Heap after GC invocations=42 (full 0):
 garbage-first heap   total 119808K, used 75776K [0x0000000080000000, 0x0000000100000000)
  region size 1024K, 2 young (2048K), 2 survivors (2048K)
 Metaspace       used 71897K, committed 73920K, reserved 491520K
  class space    used 10040K, committed 11072K, reserved 425984K
}
Event: 66.897 GC heap before
{Heap before GC invocations=42 (full 0):
 garbage-first heap   total 119808K, used 108544K [0x0000000080000000, 0x0000000100000000)
  region size 1024K, 34 young (34816K), 2 survivors (2048K)
 Metaspace       used 73024K, committed 75072K, reserved 491520K
  class space    used 10194K, committed 11200K, reserved 425984K
}
Event: 66.905 GC heap after
{Heap after GC invocations=43 (full 0):
 garbage-first heap   total 119808K, used 78248K [0x0000000080000000, 0x0000000100000000)
  region size 1024K, 5 young (5120K), 5 survivors (5120K)
 Metaspace       used 73024K, committed 75072K, reserved 491520K
  class space    used 10194K, committed 11200K, reserved 425984K
}
Event: 68.362 GC heap before
{Heap before GC invocations=44 (full 0):
 garbage-first heap   total 132096K, used 109992K [0x0000000080000000, 0x0000000100000000)
  region size 1024K, 36 young (36864K), 5 survivors (5120K)
 Metaspace       used 73546K, committed 75648K, reserved 491520K
  class space    used 10272K, committed 11328K, reserved 425984K
}
Event: 68.371 GC heap after
{Heap after GC invocations=45 (full 0):
 garbage-first heap   total 132096K, used 81673K [0x0000000080000000, 0x0000000100000000)
  region size 1024K, 5 young (5120K), 5 survivors (5120K)
 Metaspace       used 73546K, committed 75648K, reserved 491520K
  class space    used 10272K, committed 11328K, reserved 425984K
}

